GROUP,PACKAGE,CLASS,INSTRUCTION_MISSED,INSTRUCTION_COVERED,BRANCH_MISSED,BRANCH_COVERED,LINE_MISSED,LINE_COVERED,COMPLEXITY_MISSED,COMPLEXITY_COVERED,METHOD_MISSED,METHOD_COVERED
Portal-Core,org.auscope.portal.core.server,PortalProfileXmlWebApplicationContext,24,0,2,0,5,0,3,0,2,0
Portal-Core,org.auscope.portal.core.server,PortalPropertySourcesPlaceholderConfigurer,99,0,10,0,25,0,8,0,3,0
Portal-Core,org.auscope.portal.core.server,OgcServiceProviderType,0,36,0,2,0,6,0,3,0,2
Portal-Core,org.auscope.portal.core.services.methodmakers,GeonetworkMethodMaker,210,0,0,0,39,0,7,0,7,0
Portal-Core,org.auscope.portal.core.services.methodmakers,CSWMethodMakerGetDataRecords.ResultType,0,15,0,0,0,3,0,1,0,1
Portal-Core,org.auscope.portal.core.services.methodmakers,VocabularyMethodMaker,53,254,2,15,9,52,4,19,2,11
Portal-Core,org.auscope.portal.core.services.methodmakers,OPeNDAPGetDataMethodMaker,66,334,11,36,12,62,11,21,0,8
Portal-Core,org.auscope.portal.core.services.methodmakers,WMSMethodMaker,260,898,32,20,51,136,31,11,6,10
Portal-Core,org.auscope.portal.core.services.methodmakers,VocabularyMethodMaker.View,0,27,0,0,0,5,0,1,0,1
Portal-Core,org.auscope.portal.core.services.methodmakers,WFSGetFeatureMethodMaker,284,449,18,44,51,88,26,29,11,12
Portal-Core,org.auscope.portal.core.services.methodmakers,WCSMethodMaker,74,257,14,36,12,48,13,15,1,2
Portal-Core,org.auscope.portal.core.services.methodmakers,OPeNDAPGetDataMethodMaker.OPeNDAPFormat,0,15,0,0,0,3,0,1,0,1
Portal-Core,org.auscope.portal.core.services.methodmakers,CSWMethodMaker,89,0,0,0,16,0,3,0,3,0
Portal-Core,org.auscope.portal.core.services.methodmakers,GoogleCloudMonitoringMethodMaker,0,100,0,4,0,23,0,4,0,2
Portal-Core,org.auscope.portal.core.services.methodmakers,WFSGetFeatureMethodMaker.ResultType,0,15,0,0,0,3,0,1,0,1
Portal-Core,org.auscope.portal.core.services.methodmakers,VocabularyMethodMaker.Format,0,27,0,0,0,5,0,1,0,1
Portal-Core,org.auscope.portal.core.services.methodmakers,CSWMethodMakerGetDataRecords,105,294,19,30,19,73,21,16,5,6
Portal-Core,org.auscope.portal.core.services.methodmakers,WMS_1_3_0_MethodMaker,250,899,32,20,50,136,30,12,5,11
Portal-Core,org.auscope.portal.core.services.methodmakers,AbstractMethodMaker,0,125,0,18,0,23,0,12,0,3
Portal-Core,org.auscope.portal.core.services.responses.es,CSWRecordSearchResponse,13,12,0,0,5,5,4,1,4,1
Portal-Core,org.auscope.portal.core.xslt,GmlToHtml,0,25,0,0,0,6,0,2,0,2
Portal-Core,org.auscope.portal.core.xslt,WfsToKmlTransformer,41,0,0,0,9,0,5,0,5,0
Portal-Core,org.auscope.portal.core.xslt,ResourceURIResolver,7,34,0,2,3,7,1,3,1,2
Portal-Core,org.auscope.portal.core.xslt,PortalXSLTTransformer,29,117,1,3,7,26,2,5,1,4
Portal-Core,org.auscope.portal.core.services.responses.vocab,DescriptionFactory,45,486,16,44,13,91,14,25,0,9
Portal-Core,org.auscope.portal.core.services.responses.vocab,NamedIndividual,5,23,1,3,2,7,2,4,1,3
Portal-Core,org.auscope.portal.core.services.responses.vocab,Description,11,115,3,11,4,35,3,21,1,16
Portal-Core,org.auscope.portal.core.services.responses.vocab,ConceptFactory,14,315,5,19,5,54,5,14,0,7
Portal-Core,org.auscope.portal.core.services.responses.vocab,Concept,11,140,3,11,4,43,3,25,1,20
Portal-Core,org.auscope.portal.core.services.responses.search,FacetedMultiSearchResponse,0,51,0,0,0,18,0,9,0,9
Portal-Core,org.auscope.portal.core.services.responses.search,FacetedSearchResponse,3,28,0,0,1,12,1,8,1,8
Portal-Core,org.auscope.portal.core.services.responses.wfs,WFSTransformedResponse,6,29,0,0,2,10,2,4,2,4
Portal-Core,org.auscope.portal.core.services.responses.wfs,WFSResponse,0,15,0,0,0,6,0,3,0,3
Portal-Core,org.auscope.portal.core.services.responses.stackdriver,ServiceStatusResponse,0,15,0,0,0,6,0,3,0,3
Portal-Core,org.auscope.portal.core.services.responses.wcs,TemporalDomainFactory,39,0,4,0,8,0,4,0,2,0
Portal-Core,org.auscope.portal.core.services.responses.wcs,RangeSetImpl,118,0,6,0,22,0,9,0,6,0
Portal-Core,org.auscope.portal.core.services.responses.wcs,SimpleTimePeriod,51,0,0,0,12,0,4,0,4,0
Portal-Core,org.auscope.portal.core.services.responses.wcs,Resolution,18,47,1,5,6,10,4,7,3,5
Portal-Core,org.auscope.portal.core.services.responses.wcs,SpatialDomain,66,0,4,0,16,0,6,0,4,0
Portal-Core,org.auscope.portal.core.services.responses.wcs,Interval,64,0,6,0,16,0,8,0,5,0
Portal-Core,org.auscope.portal.core.services.responses.wcs,ValueEnumTypeFactory,31,0,4,0,6,0,4,0,2,0
Portal-Core,org.auscope.portal.core.services.responses.wcs,SingleValue,17,0,0,0,6,0,3,0,3,0
Portal-Core,org.auscope.portal.core.services.responses.wcs,CoverageOfferingBrief,165,0,6,0,45,0,16,0,13,0
Portal-Core,org.auscope.portal.core.services.responses.wcs,SimpleEnvelope,214,0,10,0,44,0,16,0,11,0
Portal-Core,org.auscope.portal.core.services.responses.wcs,TimeConstraint,41,65,5,5,5,14,4,8,1,6
Portal-Core,org.auscope.portal.core.services.responses.wcs,SimpleTimePosition,45,0,0,0,13,0,3,0,3,0
Portal-Core,org.auscope.portal.core.services.responses.wcs,RectifiedGrid,333,0,8,0,80,0,22,0,18,0
Portal-Core,org.auscope.portal.core.services.responses.wcs,AxisDescriptionImpl,83,0,4,0,17,0,7,0,5,0
Portal-Core,org.auscope.portal.core.services.csw.custom,CustomRegistry,78,0,8,0,23,0,15,0,11,0
Portal-Core,org.auscope.portal.core.server.http,HttpServiceCaller,236,164,15,15,56,41,22,10,12,5
Portal-Core,org.auscope.portal.core.server.http,DistributedHTTPServiceCaller,14,172,1,25,4,42,2,19,1,7
Portal-Core,org.auscope.portal.core.server.http,HttpClientInputStream,26,31,1,1,8,10,6,5,5,5
Portal-Core,org.auscope.portal.core.server.http,DistributedHTTPServiceCallerException,0,4,0,0,0,2,0,1,0,1
Portal-Core,org.auscope.portal.core.server.http,HttpClientResponse,132,17,1,1,42,7,27,3,26,3
Portal-Core,org.auscope.portal.core.server.http,DistributedHTTPServiceCaller.ServiceCallStatus,0,89,0,2,0,34,0,10,0,9
Portal-Core,org.auscope.portal.core.view,ViewKnownLayerFactory,177,273,20,24,34,59,15,11,0,4
Portal-Core,org.auscope.portal.core.view,ViewCSWRecordFactory,65,656,22,62,11,121,21,26,1,4
Portal-Core,org.auscope.portal.core.view,ViewGetCapabilitiesFactory,215,0,8,0,43,0,8,0,4,0
Portal-Core,org.auscope.portal.core.uifilter.optional,UICheckBoxGroupProvider,14,0,0,0,6,0,2,0,2,0
Portal-Core,org.auscope.portal.core.uifilter.mandatory,AbstractMandatoryParamBinding,10,0,0,0,4,0,3,0,3,0
Portal-Core,org.auscope.portal.core.uifilter.mandatory,UIHiddenResourceAttribute,21,0,0,0,9,0,4,0,4,0
Portal-Core,org.auscope.portal.core.uifilter.mandatory,UIDropDownSelectList,24,0,0,0,10,0,4,0,4,0
Portal-Core,org.auscope.portal.core.uifilter.mandatory,UICheckbox,14,0,0,0,6,0,2,0,2,0
Portal-Core,org.auscope.portal.core.uifilter.mandatory,UIHiddenParam,11,0,0,0,5,0,2,0,2,0
Portal-Core,org.auscope.portal.core.uifilter.mandatory,UITextBox,14,0,0,0,6,0,2,0,2,0
Portal-Core,org.auscope.portal.core.server.controllers,OPeNDAPController,311,0,24,0,66,0,16,0,4,0
Portal-Core,org.auscope.portal.core.server.controllers,CSWFilterController,186,750,44,66,38,140,40,27,2,10
Portal-Core,org.auscope.portal.core.server.controllers,WFSController,269,126,9,5,52,35,7,7,2,5
Portal-Core,org.auscope.portal.core.server.controllers,DownloadController,273,225,36,18,69,59,27,8,3,5
Portal-Core,org.auscope.portal.core.server.controllers,WCSController,125,323,34,26,24,66,21,15,0,6
Portal-Core,org.auscope.portal.core.server.controllers,KnownLayerController,18,0,0,0,5,0,3,0,3,0
Portal-Core,org.auscope.portal.core.server.controllers,CSWSearchController,442,329,58,35,91,70,47,11,4,4
Portal-Core,org.auscope.portal.core.server.controllers,BaseCSWController,43,63,7,3,8,13,5,4,1,3
Portal-Core,org.auscope.portal.core.server.controllers,CSWCacheController,54,72,0,2,10,16,1,4,1,3
Portal-Core,org.auscope.portal.core.server.controllers,ElasticsearchController,87,0,2,0,13,0,4,0,3,0
Portal-Core,org.auscope.portal.core.server.controllers,CSWController,177,0,24,0,39,0,15,0,3,0
Portal-Core,org.auscope.portal.core.server.controllers,WMSController,164,0,2,0,32,0,6,0,5,0
Portal-Core,org.auscope.portal.core.server.controllers,BasePortalController,89,196,11,9,16,40,7,16,0,13
Portal-Core,org.auscope.portal.core.services.methodmakers.filter,FilterBoundingBox,215,437,16,34,40,82,23,23,8,13
Portal-Core,org.auscope.portal.core.services.methodmakers.filter,AbstractFilter.MatchActionType,0,21,0,0,0,4,0,1,0,1
Portal-Core,org.auscope.portal.core.services.methodmakers.filter,AbstractFilter,154,751,22,56,22,127,28,49,9,28
Portal-Core,org.auscope.portal.core.services.methodmakers.filter,SimpleBBoxFilter,3,14,1,1,1,4,1,3,0,3
Portal-Core,org.auscope.portal.core.exceptions,InitializationException,16,0,0,0,8,0,4,0,4,0
Portal-Core,org.auscope.portal.core.services.responses.opendap,AbstractViewVariable,16,21,0,0,8,7,4,6,4,6
Portal-Core,org.auscope.portal.core.services.responses.opendap,SimpleBounds,6,15,0,0,1,6,1,3,1,3
Portal-Core,org.auscope.portal.core.services.responses.opendap,SimpleAxis,0,35,0,0,0,14,0,5,0,5
Portal-Core,org.auscope.portal.core.services.responses.opendap,ViewVariableFactory,58,407,14,38,11,78,15,19,1,7
Portal-Core,org.auscope.portal.core.services.responses.opendap,SimpleGrid,13,25,0,0,1,10,1,3,1,3
Portal-Core,org.auscope.portal.core.view.knownlayer,CSWRecordSelector,9,100,0,12,3,21,3,11,3,5
Portal-Core,org.auscope.portal.core.view.knownlayer,KMLSelector,11,39,0,6,4,10,3,5,3,2
Portal-Core,org.auscope.portal.core.view.knownlayer,WMSSelectors,34,51,4,2,9,12,5,3,3,2
Portal-Core,org.auscope.portal.core.view.knownlayer,KnownLayerGrouping,11,21,0,0,1,8,1,4,1,4
Portal-Core,org.auscope.portal.core.view.knownlayer,KnownLayerSelector.RelationType,0,21,0,0,0,4,0,1,0,1
Portal-Core,org.auscope.portal.core.view.knownlayer,SelectorsMode,0,21,0,0,0,2,0,1,0,1
Portal-Core,org.auscope.portal.core.view.knownlayer,WFSSelector,13,135,2,26,5,29,6,16,4,4
Portal-Core,org.auscope.portal.core.view.knownlayer,KnownLayer,261,163,8,2,70,53,31,36,27,35
Portal-Core,org.auscope.portal.core.view.knownlayer,KnownLayerAndRecords,17,24,0,0,2,9,2,4,2,4
Portal-Core,org.auscope.portal.core.view.knownlayer,VMFSelector,38,0,2,0,13,0,5,0,4,0
Portal-Core,org.auscope.portal.core.view.knownlayer,WMSWFSSelector,132,0,26,0,35,0,21,0,8,0
Portal-Core,org.auscope.portal.core.view.knownlayer,CSWTitleFilterRecordSelector,47,0,8,0,15,0,10,0,6,0
Portal-Core,org.auscope.portal.core.view.knownlayer,WMSSelector,83,83,17,11,21,18,16,8,6,4
Portal-Core,org.auscope.portal.core.services.vocabs,VocabularyServiceItem,15,18,0,0,7,7,4,3,4,3
Portal-Core,org.auscope.portal.core.services.responses.sos,SOSResponse,15,0,0,0,6,0,3,0,3,0
Portal-Core,org.auscope.portal.core.services.responses.wms,GetCapabilitiesRecord_1_3_0,114,373,11,20,34,93,15,23,4,18
Portal-Core,org.auscope.portal.core.services.responses.wms,GetCapabilitiesWMSLayer_1_3_0,125,211,22,16,24,47,17,12,3,7
Portal-Core,org.auscope.portal.core.services.responses.wms,GetCapabilitiesRecord_1_1_1,123,326,11,16,37,83,16,19,5,16
Portal-Core,org.auscope.portal.core.services.responses.wms,GetCapabilitiesWMSLayer_1_1_1,44,275,10,18,9,59,9,16,2,9
Portal-Core,org.auscope.portal.core.uifilter.optional.xpath,UIPolygonBBox,17,0,0,0,7,0,2,0,2,0
Portal-Core,org.auscope.portal.core.uifilter.optional.xpath,UIDropDownRemote,27,0,0,0,11,0,4,0,4,0
Portal-Core,org.auscope.portal.core.uifilter.optional.xpath,AbstractXPathFilter,17,0,0,0,7,0,5,0,5,0
Portal-Core,org.auscope.portal.core.uifilter.optional.xpath,UIDropDownSelectList,37,0,0,0,15,0,6,0,6,0
Portal-Core,org.auscope.portal.core.uifilter.optional.xpath,UITextBox,17,0,0,0,7,0,2,0,2,0
Portal-Core,org.auscope.portal.core.uifilter.optional.xpath,UIDate,17,0,0,0,7,0,2,0,2,0
Portal-Core,org.auscope.portal.core.services.admin,EndpointAndSelector,52,52,12,10,12,18,10,7,2,4
Portal-Core,org.auscope.portal.core.services.admin,AdminService,155,398,2,14,29,78,4,12,3,5
Portal-Core,org.auscope.portal.core.services.admin,AdminService.new AdminService.ResponseValidator() {...},21,32,0,0,3,8,0,2,0,2
Portal-Core,org.auscope.portal.core.services.admin,AdminService.new AdminService.ResponseValidator() {...},141,0,8,0,32,0,6,0,2,0
Portal-Core,org.auscope.portal.core.services.admin,AdminDiagnosticResponse,8,54,2,0,1,16,2,8,1,8
Portal-Core,org.auscope.portal.core.services.responses.ows,OWSExceptionParser.new NamespaceContext() {...},6,9,1,1,3,3,3,2,2,2
Portal-Core,org.auscope.portal.core.services.responses.ows,OWSExceptionParser,10,84,1,3,3,22,2,5,1,4
Portal-Core,org.auscope.portal.core.services.responses.ows,OWSException,4,9,0,0,2,4,1,2,1,2
Portal-Core,org.auscope.portal.core.services.csw,GriddedCSWRecord,18,0,0,0,8,0,5,0,5,0
Portal-Core,org.auscope.portal.core.services.csw,GriddedCSWRecordTransformer,110,0,2,0,25,0,5,0,4,0
Portal-Core,org.auscope.portal.core.services.csw,GriddedCSWRecordTransformerFactory,18,0,0,0,4,0,4,0,4,0
Portal-Core,org.auscope.portal.core.services.csw,SearchFacet.Comparison,0,21,0,0,0,4,0,1,0,1
Portal-Core,org.auscope.portal.core.services.csw,URLToStringConverter,23,0,0,0,8,0,3,0,3,0
Portal-Core,org.auscope.portal.core.services.csw,CSWServiceItem,234,116,21,1,66,36,35,18,24,18
Portal-Core,org.auscope.portal.core.services.csw,GriddedDataPositionalAccuracy,24,0,0,0,11,0,7,0,7,0
Portal-Core,org.auscope.portal.core.services.csw,SearchFacet,15,18,0,0,7,7,4,3,4,3
Portal-Core,org.auscope.portal.core.services.csw,ViewGriddedCSWRecordFactory,33,0,0,0,7,0,2,0,2,0
Portal-Core,org.auscope.portal.core.services.csw,CSWRecordsHostFilter,14,27,3,3,6,6,4,2,1,2
Portal-Core,org.auscope.portal.core.services.namespaces,WFSNamespaceContext,0,27,0,0,0,6,0,1,0,1
Portal-Core,org.auscope.portal.core.services.namespaces,VocabNamespaceContext,0,75,0,0,0,14,0,1,0,1
Portal-Core,org.auscope.portal.core.services.namespaces,CSWNamespaceContext,0,69,0,0,0,13,0,1,0,1
Portal-Core,org.auscope.portal.core.services.namespaces,IterableNamespace,15,32,2,4,4,8,4,4,2,3
Portal-Core,org.auscope.portal.core.services.namespaces,ServiceNamespaceContext,13,0,0,0,4,0,3,0,3,0
Portal-Core,org.auscope.portal.core.services.namespaces,OGCNamespaceContext,0,9,0,0,0,3,0,1,0,1
Portal-Core,org.auscope.portal.core.services.namespaces,WCSNamespaceContext,27,0,0,0,6,0,1,0,1,0
Portal-Core,org.auscope.portal.core.services.namespaces,ErmlNamespaceContext,30,21,2,0,7,5,2,1,1,1
Portal-Core,org.auscope.portal.core.services.namespaces,XsdNamespace,27,0,0,0,6,0,1,0,1,0
Portal-Core,org.auscope.portal.core.uifilter,Predicate,0,33,0,0,0,2,0,1,0,1
Portal-Core,org.auscope.portal.core.uifilter,AbstractBaseFilter,29,0,0,0,11,0,8,0,8,0
Portal-Core,org.auscope.portal.core.uifilter,GenericFilter,186,107,19,13,41,24,18,8,5,5
Portal-Core,org.auscope.portal.core.uifilter,GenericFilterAdapter,41,0,2,0,10,0,3,0,2,0
Portal-Core,org.auscope.portal.core.uifilter,FilterCollection,24,0,0,0,10,0,7,0,7,0
Portal-Core,org.auscope.portal.core.services.responses.csw,CSWGetDomainResponse.CSWGetCapabilitiesNamespace,0,9,0,0,0,3,0,1,0,1
Portal-Core,org.auscope.portal.core.services.responses.csw,CSWRecordTransformerFactory,9,14,0,0,2,3,2,2,2,2
Portal-Core,org.auscope.portal.core.services.responses.csw,CSWSuggestion,36,0,0,0,11,0,5,0,5,0
Portal-Core,org.auscope.portal.core.services.responses.csw,CSWOnlineResourceFactory,3,109,2,4,1,28,3,3,1,2
Portal-Core,org.auscope.portal.core.services.responses.csw,CSWTemporalExtent,26,0,0,0,11,0,6,0,6,0
Portal-Core,org.auscope.portal.core.services.responses.csw,CSWGetCapabilities.CSWGetCapabilitiesNamespace,0,15,0,0,0,4,0,1,0,1
Portal-Core,org.auscope.portal.core.services.responses.csw,CSWGetRecordResponse,0,160,3,5,0,36,3,7,0,6
Portal-Core,org.auscope.portal.core.services.responses.csw,CSWContact,3,84,0,0,1,28,1,19,1,19
Portal-Core,org.auscope.portal.core.services.responses.csw,AbstractCSWOnlineResource.OnlineResourceType,0,87,0,0,0,15,0,1,0,1
Portal-Core,org.auscope.portal.core.services.responses.csw,CSWRecordTransformer.Scope,0,15,0,0,0,2,0,1,0,1
Portal-Core,org.auscope.portal.core.services.responses.csw,CSWGeographicBoundingBox,80,354,8,54,18,60,12,38,4,15
Portal-Core,org.auscope.portal.core.services.responses.csw,CSWRecordTransformer.GeoServerHelper,359,411,61,31,72,77,43,6,0,3
Portal-Core,org.auscope.portal.core.services.responses.csw,CSWRecordTransformer.PyCSWHelper,361,503,63,41,73,90,45,12,0,5
Portal-Core,org.auscope.portal.core.services.responses.csw,CSWRecord,411,503,50,38,86,150,47,77,19,61
Portal-Core,org.auscope.portal.core.services.responses.csw,CSWOnlineResourceImpl,5,81,1,3,3,28,2,11,1,10
Portal-Core,org.auscope.portal.core.services.responses.csw,CSWResponsibleParty,0,42,0,0,0,14,0,10,0,10
Portal-Core,org.auscope.portal.core.services.responses.csw,CSWRecordTransformer,925,1327,78,108,151,254,69,44,6,14
Portal-Core,org.auscope.portal.core.services.responses.csw,CSWGetCapabilities,16,88,2,4,5,23,4,5,2,4
Portal-Core,org.auscope.portal.core.services.responses.csw,CSWGetDomainResponse,8,74,0,2,2,19,0,6,0,5
Portal-Core,org.auscope.portal.core.services.responses.csw,AbstractCSWOnlineResource,104,173,44,32,25,44,30,13,1,4
Portal-Core,org.auscope.portal.core.services.responses.csw,CSWResponsiblePartyFactory,3,68,0,8,1,16,1,5,1,1
Portal-Core,org.auscope.portal.core.services.responses.csw,CSWContactFactory,3,139,0,18,1,31,1,10,1,1
Portal-Core,org.auscope.portal.core.services.methodmakers.sissvoc,SISSVoc2MethodMaker,2,121,2,2,1,19,2,6,0,6
Portal-Core,org.auscope.portal.core.services.methodmakers.sissvoc,SISSVoc3MethodMaker.Format,0,27,0,0,0,5,0,1,0,1
Portal-Core,org.auscope.portal.core.services.methodmakers.sissvoc,SISSVoc3MethodMaker.View,0,27,0,0,0,5,0,1,0,1
Portal-Core,org.auscope.portal.core.services.methodmakers.sissvoc,SISSVoc3MethodMaker,5,257,2,15,1,51,2,19,0,11
Portal-Core,org.auscope.portal.core.server.http.download,FileDownloadService,38,0,2,0,11,0,3,0,2,0
Portal-Core,org.auscope.portal.core.server.http.download,FileUploadBean,10,0,0,0,4,0,3,0,3,0
Portal-Core,org.auscope.portal.core.server.http.download,ServiceDownloadManager.GMLDownload,57,361,11,17,15,88,12,11,1,8
Portal-Core,org.auscope.portal.core.server.http.download,NumberOfFeatureNamespace,0,69,0,0,0,13,0,1,0,1
Portal-Core,org.auscope.portal.core.server.http.download,InCompleteDownloadException,7,0,0,0,4,0,2,0,2,0
Portal-Core,org.auscope.portal.core.server.http.download,DownloadResponse,11,56,0,2,4,19,1,12,1,11
Portal-Core,org.auscope.portal.core.server.http.download,DownloadTracker.Process,27,69,1,1,8,20,1,2,0,2
Portal-Core,org.auscope.portal.core.server.http.download,ServiceDownloadManager,14,227,0,14,6,49,1,12,1,5
Portal-Core,org.auscope.portal.core.server.http.download,Progression,0,21,0,0,0,2,0,1,0,1
Portal-Core,org.auscope.portal.core.server.http.download,DownloadTracker,61,139,6,6,18,42,8,11,3,10
Portal-Core,org.auscope.portal.core.server.security.oauth2,PortalUser,40,0,0,0,11,0,7,0,7,0
Portal-Core,org.auscope.portal.core.util,FileIOUtil,433,551,52,56,122,138,48,30,12,12
Portal-Core,org.auscope.portal.core.util,MimeUtil,20,143,5,15,6,33,6,7,1,2
Portal-Core,org.auscope.portal.core.util,DOMResponseUtil,19,41,0,0,5,11,1,1,1,1
Portal-Core,org.auscope.portal.core.util,ResourceUtil,15,14,1,1,2,5,2,2,1,2
Portal-Core,org.auscope.portal.core.util,DateUtil.TimeField,0,33,0,0,0,2,0,1,0,1
Portal-Core,org.auscope.portal.core.util,SLDLoader,137,84,11,9,29,22,10,5,3,2
Portal-Core,org.auscope.portal.core.util,DOMUtil,3,134,0,2,1,36,1,9,1,8
Portal-Core,org.auscope.portal.core.util,HttpUtil,92,48,4,2,19,7,5,2,3,1
Portal-Core,org.auscope.portal.core.util,TextUtil,63,45,12,2,11,10,11,2,5,1
Portal-Core,org.auscope.portal.core.util,DateUtil,75,102,20,0,18,28,13,3,3,3
Portal-Core,org.auscope.portal.core.util,GeoJsonPolygonUtils,296,0,42,0,69,0,29,0,8,0
Portal-Core,org.auscope.portal.core.util,CSVUtil,20,158,4,14,4,32,4,10,0,5
Portal-Core,org.auscope.portal.core.services,LocalCSWFilterService.FilterRunnerState,0,15,0,0,0,3,0,1,0,1
Portal-Core,org.auscope.portal.core.services,OpendapService,105,68,0,0,17,14,2,3,2,3
Portal-Core,org.auscope.portal.core.services,LocalCSWFilterService.FilterRunner,15,138,0,8,4,37,0,7,0,3
Portal-Core,org.auscope.portal.core.services,WMSService,273,195,25,11,60,36,22,6,5,5
Portal-Core,org.auscope.portal.core.services,KnownLayerService,558,352,75,36,126,79,43,23,4,6
Portal-Core,org.auscope.portal.core.services,CSWCacheService,530,0,56,0,123,0,49,0,21,0
Portal-Core,org.auscope.portal.core.services,GoogleCloudMonitoringCachedService,84,19,6,0,19,7,6,3,3,3
Portal-Core,org.auscope.portal.core.services,PortalServiceException,31,27,0,0,13,11,5,5,5,5
Portal-Core,org.auscope.portal.core.services,CSWService,104,98,5,7,23,24,5,5,0,4
Portal-Core,org.auscope.portal.core.services,BaseWFSService,113,78,0,8,21,16,5,8,5,4
Portal-Core,org.auscope.portal.core.services,LocalCSWFilterService,76,642,11,77,16,148,12,44,2,8
Portal-Core,org.auscope.portal.core.services,VocabularyService,51,225,7,11,16,65,5,14,1,9
Portal-Core,org.auscope.portal.core.services,ElasticsearchService,866,597,115,50,179,140,81,29,10,17
Portal-Core,org.auscope.portal.core.services,SISSVoc3Service,6,203,1,9,2,57,3,11,2,7
Portal-Core,org.auscope.portal.core.services,GoogleCloudMonitoringService,190,127,3,7,52,32,10,7,8,4
Portal-Core,org.auscope.portal.core.services,CSWFilterService,211,360,10,18,41,66,12,17,6,9
Portal-Core,org.auscope.portal.core.services,CSWCacheService.CSWCacheUpdateThread,1214,0,126,0,259,0,75,0,12,0
Portal-Core,org.auscope.portal.core.services,VocabularyCacheService.VocabularyCacheUpdateThread,0,118,0,6,0,33,0,8,0,5
Portal-Core,org.auscope.portal.core.services,SISSVoc2Service,0,151,2,4,0,35,2,4,0,3
Portal-Core,org.auscope.portal.core.services,GoogleCloudMonitoringCachedService.CacheEntry,45,0,0,0,19,0,8,0,8,0
Portal-Core,org.auscope.portal.core.services,VocabularyFilterService,21,360,10,26,3,88,10,22,0,14
Portal-Core,org.auscope.portal.core.services,WFSService,6,123,1,1,1,25,1,8,0,8
Portal-Core,org.auscope.portal.core.services,GeonetworkService,40,296,6,8,10,58,6,6,0,5
Portal-Core,org.auscope.portal.core.services,VocabularyCacheService,10,138,3,9,3,29,4,8,1,5
Portal-Core,org.auscope.portal.core.services,WCSService,23,43,0,0,4,11,1,2,1,2
Portal-Core,org.auscope.portal.core.services.methodmakers.filter.csw,CSWGetDataRecordsFilter.Type,0,21,0,0,0,4,0,1,0,1
Portal-Core,org.auscope.portal.core.services.methodmakers.filter.csw,CSWGetDataRecordsFilter.KeywordMatchType,0,15,0,0,0,3,0,1,0,1
Portal-Core,org.auscope.portal.core.services.methodmakers.filter.csw,CSWGetDataRecordsFilter,386,444,41,41,77,103,62,34,31,24
Portal-Core,org.auscope.portal.core.services.methodmakers.filter.csw,CSWGetDataRecordsFilter.SortType,13,27,5,1,4,7,3,2,0,2
Portal-Core,org.auscope.portal.core.configuration,ServiceConfigurationItem,30,18,0,0,11,7,3,2,3,2
Portal-Core,org.auscope.portal.core.configuration,ServiceConfiguration,26,0,4,0,8,0,4,0,2,0
Portal-Core,org.auscope.portal.core.util.structure,RDFTriple,12,15,0,0,5,6,1,1,1,1
